11:00:15 [main] STEP  JDI - Run Wikipedia APP
11:00:16 [main] STEP  JDI - Install the 'C:ideaAppiumjdiTest33wikipJdisrcmainresourcesorg.wikipedia.apk' app
11:00:21 [main] STEP  JDI - Launch the app under test
11:01:23 [main] STEP  JDI - Click on 'Search Field'
11:01:26 [main] STEP  JDI - Input 'Steuben County' in 'Search Text'
11:01:31 [main] STEP  JDI - Reset the app under test
11:02:28 [main] STEP  JDI - Run Wikipedia APP
11:02:29 [main] STEP  JDI - Install the 'C:ideaAppiumjdiTest33wikipJdisrcmainresourcesorg.wikipedia.apk' app
11:02:34 [main] STEP  JDI - Launch the app under test
11:03:37 [main] STEP  JDI - Click on 'Search Field'
11:03:39 [main] STEP  JDI - Input 'Malnate' in 'Search Text'
11:03:48 [main] STEP  JDI - Reset the app under test
11:04:22 [main] STEP  JDI - Run Wikipedia APP
11:04:23 [main] STEP  JDI - Install the 'C:ideaAppiumjdiTest33wikipJdisrcmainresourcesorg.wikipedia.apk' app
11:04:28 [main] STEP  JDI - Launch the app under test
11:05:28 [main] STEP  JDI - Click on 'Search Field'
11:05:30 [main] STEP  JDI - Input 'Saint Petersburg' in 'Search Text'
11:06:19 [main] STEP  JDI - Reset the app under test
11:08:18 [main] STEP  JDI - Run Wikipedia APP
11:08:18 [main] STEP  JDI - Install the 'C:ideaAppiumjdiTest33wikipJdisrcmainresourcesorg.wikipedia.apk' app
11:08:24 [main] STEP  JDI - Launch the app under test
11:09:26 [main] STEP  JDI - Click on 'Search Field'
11:09:28 [main] STEP  JDI - Input 'Paraiso' in 'Search Text'
